[0.006s] Invoking command in '/home/cadete/amr_world/ws/build/gazebo_traffic_light': CMAKE_PREFIX_PATH=/opt/ros/humble /usr/bin/cmake --build /home/cadete/amr_world/ws/build/gazebo_traffic_light -- -j20 -l20
[0.022s] -- Found ament_cmake: 1.3.8 (/opt/ros/humble/share/ament_cmake/cmake)
[0.092s] -- Found rclcpp: 16.0.8 (/opt/ros/humble/share/rclcpp/cmake)
[0.107s] -- Found rosidl_generator_c: 3.1.5 (/opt/ros/humble/share/rosidl_generator_c/cmake)
[0.108s] -- Found rosidl_adapter: 3.1.5 (/opt/ros/humble/share/rosidl_adapter/cmake)
[0.112s] -- Found rosidl_generator_cpp: 3.1.5 (/opt/ros/humble/share/rosidl_generator_cpp/cmake)
[0.118s] -- Using all available rosidl_typesupport_c: rosidl_typesupport_fastrtps_c;rosidl_typesupport_introspection_c
[0.126s] -- Using all available rosidl_typesupport_cpp: rosidl_typesupport_fastrtps_cpp;rosidl_typesupport_introspection_cpp
[0.156s] -- Found rmw_implementation_cmake: 6.1.1 (/opt/ros/humble/share/rmw_implementation_cmake/cmake)
[0.157s] -- Found rmw_fastrtps_cpp: 6.2.6 (/opt/ros/humble/share/rmw_fastrtps_cpp/cmake)
[0.219s] -- Using RMW implementation 'rmw_fastrtps_cpp' as default
[0.305s] -- Found tf2_ros: 0.25.6 (/opt/ros/humble/share/tf2_ros/cmake)
[0.504s] -- Found tf2_geometry_msgs: 0.25.6 (/opt/ros/humble/share/tf2_geometry_msgs/cmake)
[0.506s] -- Found eigen3_cmake_module: 0.1.1 (/opt/ros/humble/share/eigen3_cmake_module/cmake)
[0.507s] -- Ensuring Eigen3 include directory is part of orocos-kdl CMake target
[0.512s] -- Found gazebo_ros: 3.7.0 (/opt/ros/humble/share/gazebo_ros/cmake)
[0.531s] -- Found DART: /usr/include (Required is at least version "6.6") found components: dart 
[0.546s] -- Found Protobuf: /usr/lib/x86_64-linux-gnu/libprotobuf.so (found version "3.12.4") 
[0.547s] -- Looking for ignition-math6 -- found version 6.15.1
[0.550s] -- Searching for dependencies of ignition-math6
[0.551s] -- Looking for OGRE...
[0.554s] -- Found Ogre Ghadamon (1.9.0)
[0.554s] -- Found OGRE: optimized;/usr/lib/x86_64-linux-gnu/libOgreMain.so;debug;/usr/lib/x86_64-linux-gnu/libOgreMain.so
[0.560s] -- Looking for OGRE_Paging...
[0.560s] -- Found OGRE_Paging: optimized;/usr/lib/x86_64-linux-gnu/libOgrePaging.so;debug;/usr/lib/x86_64-linux-gnu/libOgrePaging.so
[0.560s] -- Looking for OGRE_Terrain...
[0.560s] -- Found OGRE_Terrain: optimized;/usr/lib/x86_64-linux-gnu/libOgreTerrain.so;debug;/usr/lib/x86_64-linux-gnu/libOgreTerrain.so
[0.560s] -- Looking for OGRE_Property...
[0.560s] -- Found OGRE_Property: optimized;/usr/lib/x86_64-linux-gnu/libOgreProperty.so;debug;/usr/lib/x86_64-linux-gnu/libOgreProperty.so
[0.560s] -- Looking for OGRE_RTShaderSystem...
[0.560s] -- Found OGRE_RTShaderSystem: optimized;/usr/lib/x86_64-linux-gnu/libOgreRTShaderSystem.so;debug;/usr/lib/x86_64-linux-gnu/libOgreRTShaderSystem.so
[0.560s] -- Looking for OGRE_Volume...
[0.560s] -- Found OGRE_Volume: optimized;/usr/lib/x86_64-linux-gnu/libOgreVolume.so;debug;/usr/lib/x86_64-linux-gnu/libOgreVolume.so
[0.560s] -- Looking for OGRE_Overlay...
[0.560s] -- Found OGRE_Overlay: optimized;/usr/lib/x86_64-linux-gnu/libOgreOverlay.so;debug;/usr/lib/x86_64-linux-gnu/libOgreOverlay.so
[0.607s] -- Looking for ignition-math6 -- found version 6.15.1
[0.608s] -- Looking for ignition-transport8 -- found version 8.2.1
[0.608s] -- Searching for dependencies of ignition-transport8
[0.618s] -- Found Protobuf: /usr/lib/x86_64-linux-gnu/libprotobuf.so (found suitable version "3.12.4", minimum required is "3") 
[0.623s] -- Config-file not installed for ZeroMQ -- checking for pkg-config
[0.626s] -- Checking for module 'libzmq >= 4'
[0.633s] --   Found libzmq , version 4.3.4
[0.655s] -- Checking for module 'uuid'
[0.662s] --   Found uuid, version 2.37.2
[0.680s] -- Looking for ignition-msgs5 -- found version 5.8.1
[0.680s] -- Searching for dependencies of ignition-msgs5
[0.691s] -- Looking for ignition-math6 -- found version 6.15.1
[0.694s] -- Checking for module 'tinyxml2'
[0.702s] --   Found tinyxml2, version 9.0.0
[0.720s] -- Looking for ignition-msgs5 -- found version 5.8.1
[0.720s] -- Looking for ignition-common3 -- found version 3.14.0
[0.720s] -- Searching for dependencies of ignition-common3
[0.720s] -- Looking for dlfcn.h - found
[0.721s] -- Looking for libdl - found
[0.727s] -- Searching for <ignition-common3> component [graphics]
[0.727s] -- Looking for ignition-common3-graphics -- found version 3.14.0
[0.727s] -- Searching for dependencies of ignition-common3-graphics
[0.728s] -- Looking for ignition-math6 -- found version 6.15.1
[0.728s] -- Looking for ignition-fuel_tools4 -- found version 4.4.0
[0.729s] -- Searching for dependencies of ignition-fuel_tools4
[0.749s] -- Checking for module 'jsoncpp'
[0.756s] --   Found jsoncpp, version 1.9.5
[0.776s] -- Checking for module 'libzip'
[0.783s] --   Found libzip, version 1.7.3
[0.801s] -- Looking for ignition-common3 -- found version 3.14.0
[0.801s] -- Looking for ignition-math6 -- found version 6.15.1
[0.801s] -- Looking for ignition-msgs5 -- found version 5.8.1
[0.802s] -- Gazebo version: 11.10
[0.847s] -- Configuring done
[0.858s] -- Generating done
[0.859s] -- Build files have been written to: /home/cadete/amr_world/ws/build/gazebo_traffic_light
[0.876s] [35m[1mConsolidate compiler generated dependencies of target gazebo_traffic_light[0m
[0.894s] [100%] Built target gazebo_traffic_light
[0.901s] Invoked command in '/home/cadete/amr_world/ws/build/gazebo_traffic_light' returned '0': CMAKE_PREFIX_PATH=/opt/ros/humble /usr/bin/cmake --build /home/cadete/amr_world/ws/build/gazebo_traffic_light -- -j20 -l20
[0.919s] Invoking command in '/home/cadete/amr_world/ws/build/gazebo_traffic_light': CMAKE_PREFIX_PATH=/opt/ros/humble /usr/bin/cmake --install /home/cadete/amr_world/ws/build/gazebo_traffic_light
[0.924s] -- Install configuration: ""
[0.924s] -- Up-to-date: /home/cadete/amr_world/ws/install/gazebo_traffic_light/lib/gazebo_traffic_light/libgazebo_traffic_light.so
[0.925s] -- Up-to-date: /home/cadete/amr_world/ws/install/gazebo_traffic_light/share/gazebo_traffic_light/models
[0.925s] -- Up-to-date: /home/cadete/amr_world/ws/install/gazebo_traffic_light/share/gazebo_traffic_light/models/gazebo_traffic_light
[0.925s] -- Up-to-date: /home/cadete/amr_world/ws/install/gazebo_traffic_light/share/gazebo_traffic_light/models/gazebo_traffic_light/model.sdf
[0.925s] -- Up-to-date: /home/cadete/amr_world/ws/install/gazebo_traffic_light/share/gazebo_traffic_light/models/gazebo_traffic_light/model.config
[0.925s] -- Up-to-date: /home/cadete/amr_world/ws/install/gazebo_traffic_light/share/gazebo_traffic_light/models/cantilevered_light
[0.925s] -- Up-to-date: /home/cadete/amr_world/ws/install/gazebo_traffic_light/share/gazebo_traffic_light/models/cantilevered_light/model.sdf
[0.925s] -- Up-to-date: /home/cadete/amr_world/ws/install/gazebo_traffic_light/share/gazebo_traffic_light/models/cantilevered_light/model.config
[0.925s] -- Up-to-date: /home/cadete/amr_world/ws/install/gazebo_traffic_light/share/gazebo_traffic_light/worlds
[0.925s] -- Up-to-date: /home/cadete/amr_world/ws/install/gazebo_traffic_light/share/gazebo_traffic_light/worlds/plugin_test.world
[0.925s] -- Up-to-date: /home/cadete/amr_world/ws/install/gazebo_traffic_light/share/gazebo_traffic_light/launch
[0.925s] -- Up-to-date: /home/cadete/amr_world/ws/install/gazebo_traffic_light/share/gazebo_traffic_light/launch/traffic_light_test_launch.py
[0.925s] -- Installing: /home/cadete/amr_world/ws/install/gazebo_traffic_light/share/gazebo_traffic_light/yaml
[0.925s] -- Installing: /home/cadete/amr_world/ws/install/gazebo_traffic_light/share/gazebo_traffic_light/yaml/light_sequence.yaml
[0.925s] -- Up-to-date: /home/cadete/amr_world/ws/install/gazebo_traffic_light/share/ament_index/resource_index/package_run_dependencies/gazebo_traffic_light
[0.925s] -- Up-to-date: /home/cadete/amr_world/ws/install/gazebo_traffic_light/share/ament_index/resource_index/parent_prefix_path/gazebo_traffic_light
[0.925s] -- Up-to-date: /home/cadete/amr_world/ws/install/gazebo_traffic_light/share/gazebo_traffic_light/environment/ament_prefix_path.sh
[0.925s] -- Installing: /home/cadete/amr_world/ws/install/gazebo_traffic_light/share/gazebo_traffic_light/environment/ament_prefix_path.dsv
[0.925s] -- Up-to-date: /home/cadete/amr_world/ws/install/gazebo_traffic_light/share/gazebo_traffic_light/environment/path.sh
[0.925s] -- Installing: /home/cadete/amr_world/ws/install/gazebo_traffic_light/share/gazebo_traffic_light/environment/path.dsv
[0.926s] -- Up-to-date: /home/cadete/amr_world/ws/install/gazebo_traffic_light/share/gazebo_traffic_light/local_setup.bash
[0.926s] -- Up-to-date: /home/cadete/amr_world/ws/install/gazebo_traffic_light/share/gazebo_traffic_light/local_setup.sh
[0.926s] -- Up-to-date: /home/cadete/amr_world/ws/install/gazebo_traffic_light/share/gazebo_traffic_light/local_setup.zsh
[0.926s] -- Installing: /home/cadete/amr_world/ws/install/gazebo_traffic_light/share/gazebo_traffic_light/local_setup.dsv
[0.926s] -- Installing: /home/cadete/amr_world/ws/install/gazebo_traffic_light/share/gazebo_traffic_light/package.dsv
[0.926s] -- Up-to-date: /home/cadete/amr_world/ws/install/gazebo_traffic_light/share/ament_index/resource_index/packages/gazebo_traffic_light
[0.926s] -- Up-to-date: /home/cadete/amr_world/ws/install/gazebo_traffic_light/share/gazebo_traffic_light/cmake/gazebo_traffic_lightConfig.cmake
[0.926s] -- Up-to-date: /home/cadete/amr_world/ws/install/gazebo_traffic_light/share/gazebo_traffic_light/cmake/gazebo_traffic_lightConfig-version.cmake
[0.926s] -- Up-to-date: /home/cadete/amr_world/ws/install/gazebo_traffic_light/share/gazebo_traffic_light/package.xml
[0.927s] Invoked command in '/home/cadete/amr_world/ws/build/gazebo_traffic_light' returned '0': CMAKE_PREFIX_PATH=/opt/ros/humble /usr/bin/cmake --install /home/cadete/amr_world/ws/build/gazebo_traffic_light
