[0.052s] DEBUG:colcon:Command line arguments: ['/usr/bin/colcon', 'build']
[0.052s] DEBUG:colcon:Parsed command line arguments: Namespace(log_base=None, log_level=None, verb_name='build', build_base='build', install_base='install', merge_install=False, symlink_install=False, test_result_base=None, continue_on_error=False, executor='parallel', parallel_workers=20, event_handlers=None, ignore_user_meta=False, metas=['./colcon.meta'], base_paths=['.'], packages_ignore=None, packages_ignore_regex=None, paths=None, packages_up_to=None, packages_up_to_regex=None, packages_above=None, packages_above_and_dependencies=None, packages_above_depth=None, packages_select_by_dep=None, packages_skip_by_dep=None, packages_skip_up_to=None, packages_select_build_failed=False, packages_skip_build_finished=False, packages_select_test_failures=False, packages_skip_test_passed=False, packages_select=None, packages_skip=None, packages_select_regex=None, packages_skip_regex=None, packages_start=None, packages_end=None, allow_overriding=[], cmake_args=None, cmake_target=None, cmake_target_skip_unavailable=False, cmake_clean_cache=False, cmake_clean_first=False, cmake_force_configure=False, ament_cmake_args=None, catkin_cmake_args=None, catkin_skip_building_tests=False, verb_parser=<colcon_defaults.argument_parser.defaults.DefaultArgumentsDecorator object at 0x7ec198228c40>, verb_extension=<colcon_core.verb.build.BuildVerb object at 0x7ec19839ab30>, main=<bound method BuildVerb.main of <colcon_core.verb.build.BuildVerb object at 0x7ec19839ab30>>)
[0.071s] Level 1:colcon.colcon_core.package_discovery:discover_packages(colcon_meta) check parameters
[0.071s] Level 1:colcon.colcon_core.package_discovery:discover_packages(recursive) check parameters
[0.071s] Level 1:colcon.colcon_core.package_discovery:discover_packages(ignore) check parameters
[0.071s] Level 1:colcon.colcon_core.package_discovery:discover_packages(path) check parameters
[0.071s] Level 1:colcon.colcon_core.package_discovery:discover_packages(colcon_meta) discover
[0.071s] Level 1:colcon.colcon_core.package_discovery:discover_packages(recursive) discover
[0.071s] INFO:colcon.colcon_core.package_discovery:Crawling recursively for packages in '/home/cadete/amr_world/ws'
[0.071s] Level 1:colcon.colcon_core.package_identification:_identify(.) by extensions ['ignore', 'ignore_ament_install']
[0.071s] Level 1:colcon.colcon_core.package_identification:_identify(.) by extension 'ignore'
[0.071s] Level 1:colcon.colcon_core.package_identification:_identify(.) by extension 'ignore_ament_install'
[0.071s] Level 1:colcon.colcon_core.package_identification:_identify(.) by extensions ['colcon_pkg']
[0.071s] Level 1:colcon.colcon_core.package_identification:_identify(.) by extension 'colcon_pkg'
[0.071s] Level 1:colcon.colcon_core.package_identification:_identify(.) by extensions ['colcon_meta']
[0.071s] Level 1:colcon.colcon_core.package_identification:_identify(.) by extension 'colcon_meta'
[0.072s] Level 1:colcon.colcon_core.package_identification:_identify(.) by extensions ['ros']
[0.072s] Level 1:colcon.colcon_core.package_identification:_identify(.) by extension 'ros'
[0.079s] Level 1:colcon.colcon_core.package_identification:_identify(.) by extensions ['cmake', 'python']
[0.080s] Level 1:colcon.colcon_core.package_identification:_identify(.) by extension 'cmake'
[0.080s] Level 1:colcon.colcon_core.package_identification:_identify(.) by extension 'python'
[0.080s] Level 1:colcon.colcon_core.package_identification:_identify(.) by extensions ['python_setup_py']
[0.080s] Level 1:colcon.colcon_core.package_identification:_identify(.) by extension 'python_setup_py'
[0.080s] Level 1:colcon.colcon_core.package_identification:_identify(build) by extensions ['ignore', 'ignore_ament_install']
[0.080s] Level 1:colcon.colcon_core.package_identification:_identify(build) by extension 'ignore'
[0.080s] Level 1:colcon.colcon_core.package_identification:_identify(build) ignored
[0.080s] Level 1:colcon.colcon_core.package_identification:_identify(install) by extensions ['ignore', 'ignore_ament_install']
[0.080s] Level 1:colcon.colcon_core.package_identification:_identify(install) by extension 'ignore'
[0.080s] Level 1:colcon.colcon_core.package_identification:_identify(install) ignored
[0.080s] Level 1:colcon.colcon_core.package_identification:_identify(log) by extensions ['ignore', 'ignore_ament_install']
[0.080s] Level 1:colcon.colcon_core.package_identification:_identify(log) by extension 'ignore'
[0.080s] Level 1:colcon.colcon_core.package_identification:_identify(log) ignored
[0.080s] Level 1:colcon.colcon_core.package_identification:_identify(src) by extensions ['ignore', 'ignore_ament_install']
[0.080s] Level 1:colcon.colcon_core.package_identification:_identify(src) by extension 'ignore'
[0.080s] Level 1:colcon.colcon_core.package_identification:_identify(src) by extension 'ignore_ament_install'
[0.080s] Level 1:colcon.colcon_core.package_identification:_identify(src) by extensions ['colcon_pkg']
[0.080s] Level 1:colcon.colcon_core.package_identification:_identify(src) by extension 'colcon_pkg'
[0.080s] Level 1:colcon.colcon_core.package_identification:_identify(src) by extensions ['colcon_meta']
[0.080s] Level 1:colcon.colcon_core.package_identification:_identify(src) by extension 'colcon_meta'
[0.080s] Level 1:colcon.colcon_core.package_identification:_identify(src) by extensions ['ros']
[0.080s] Level 1:colcon.colcon_core.package_identification:_identify(src) by extension 'ros'
[0.080s] Level 1:colcon.colcon_core.package_identification:_identify(src) by extensions ['cmake', 'python']
[0.080s] Level 1:colcon.colcon_core.package_identification:_identify(src) by extension 'cmake'
[0.080s] Level 1:colcon.colcon_core.package_identification:_identify(src) by extension 'python'
[0.080s] Level 1:colcon.colcon_core.package_identification:_identify(src) by extensions ['python_setup_py']
[0.080s] Level 1:colcon.colcon_core.package_identification:_identify(src) by extension 'python_setup_py'
[0.080s] Level 1:colcon.colcon_core.package_identification:_identify(src/gazebo_traffic_light) by extensions ['ignore', 'ignore_ament_install']
[0.080s] Level 1:colcon.colcon_core.package_identification:_identify(src/gazebo_traffic_light) by extension 'ignore'
[0.080s] Level 1:colcon.colcon_core.package_identification:_identify(src/gazebo_traffic_light) by extension 'ignore_ament_install'
[0.080s] Level 1:colcon.colcon_core.package_identification:_identify(src/gazebo_traffic_light) by extensions ['colcon_pkg']
[0.080s] Level 1:colcon.colcon_core.package_identification:_identify(src/gazebo_traffic_light) by extension 'colcon_pkg'
[0.080s] Level 1:colcon.colcon_core.package_identification:_identify(src/gazebo_traffic_light) by extensions ['colcon_meta']
[0.080s] Level 1:colcon.colcon_core.package_identification:_identify(src/gazebo_traffic_light) by extension 'colcon_meta'
[0.080s] Level 1:colcon.colcon_core.package_identification:_identify(src/gazebo_traffic_light) by extensions ['ros']
[0.080s] Level 1:colcon.colcon_core.package_identification:_identify(src/gazebo_traffic_light) by extension 'ros'
[0.082s] DEBUG:colcon.colcon_core.package_identification:Package 'src/gazebo_traffic_light' with type 'ros.ament_cmake' and name 'gazebo_traffic_light'
[0.082s] Level 1:colcon.colcon_core.package_discovery:discover_packages(recursive) using defaults
[0.082s] Level 1:colcon.colcon_core.package_discovery:discover_packages(ignore) discover
[0.082s] Level 1:colcon.colcon_core.package_discovery:discover_packages(ignore) using defaults
[0.082s] Level 1:colcon.colcon_core.package_discovery:discover_packages(path) discover
[0.082s] Level 1:colcon.colcon_core.package_discovery:discover_packages(path) using defaults
[0.092s] Level 1:colcon.colcon_core.package_discovery:discover_packages(prefix_path) check parameters
[0.092s] Level 1:colcon.colcon_core.package_discovery:discover_packages(prefix_path) discover
[0.093s] DEBUG:colcon.colcon_installed_package_information.package_discovery:Found 278 installed packages in /opt/ros/humble
[0.094s] Level 1:colcon.colcon_core.package_discovery:discover_packages(prefix_path) using defaults
[0.111s] Level 5:colcon.colcon_core.verb:set package 'gazebo_traffic_light' build argument 'cmake_args' from command line to 'None'
[0.111s] Level 5:colcon.colcon_core.verb:set package 'gazebo_traffic_light' build argument 'cmake_target' from command line to 'None'
[0.111s] Level 5:colcon.colcon_core.verb:set package 'gazebo_traffic_light' build argument 'cmake_target_skip_unavailable' from command line to 'False'
[0.111s] Level 5:colcon.colcon_core.verb:set package 'gazebo_traffic_light' build argument 'cmake_clean_cache' from command line to 'False'
[0.111s] Level 5:colcon.colcon_core.verb:set package 'gazebo_traffic_light' build argument 'cmake_clean_first' from command line to 'False'
[0.111s] Level 5:colcon.colcon_core.verb:set package 'gazebo_traffic_light' build argument 'cmake_force_configure' from command line to 'False'
[0.111s] Level 5:colcon.colcon_core.verb:set package 'gazebo_traffic_light' build argument 'ament_cmake_args' from command line to 'None'
[0.111s] Level 5:colcon.colcon_core.verb:set package 'gazebo_traffic_light' build argument 'catkin_cmake_args' from command line to 'None'
[0.111s] Level 5:colcon.colcon_core.verb:set package 'gazebo_traffic_light' build argument 'catkin_skip_building_tests' from command line to 'False'
[0.111s] DEBUG:colcon.colcon_core.verb:Building package 'gazebo_traffic_light' with the following arguments: {'ament_cmake_args': None, 'build_base': '/home/cadete/amr_world/ws/build/gazebo_traffic_light', 'catkin_cmake_args': None, 'catkin_skip_building_tests': False, 'cmake_args': None, 'cmake_clean_cache': False, 'cmake_clean_first': False, 'cmake_force_configure': False, 'cmake_target': None, 'cmake_target_skip_unavailable': False, 'install_base': '/home/cadete/amr_world/ws/install/gazebo_traffic_light', 'merge_install': False, 'path': '/home/cadete/amr_world/ws/src/gazebo_traffic_light', 'symlink_install': False, 'test_result_base': None}
[0.111s] INFO:colcon.colcon_core.executor:Executing jobs using 'parallel' executor
[0.112s] DEBUG:colcon.colcon_parallel_executor.executor.parallel:run_until_complete
[0.112s] INFO:colcon.colcon_ros.task.ament_cmake.build:Building ROS package in '/home/cadete/amr_world/ws/src/gazebo_traffic_light' with build type 'ament_cmake'
[0.112s] INFO:colcon.colcon_cmake.task.cmake.build:Building CMake package in '/home/cadete/amr_world/ws/src/gazebo_traffic_light'
[0.113s] INFO:colcon.colcon_core.plugin_system:Skipping extension 'colcon_core.shell.bat': Not used on non-Windows systems
[0.113s] INFO:colcon.colcon_core.shell:Skip shell extension 'powershell' for command environment: Not usable outside of PowerShell
[0.113s] DEBUG:colcon.colcon_core.shell:Skip shell extension 'dsv' for command environment
[0.118s] DEBUG:colcon.colcon_core.event_handler.log_command:Invoking command in '/home/cadete/amr_world/ws/build/gazebo_traffic_light': CMAKE_PREFIX_PATH=/opt/ros/humble /usr/bin/cmake --build /home/cadete/amr_world/ws/build/gazebo_traffic_light -- -j20 -l20
[1.029s] DEBUG:colcon.colcon_core.event_handler.log_command:Invoked command in '/home/cadete/amr_world/ws/build/gazebo_traffic_light' returned '0': CMAKE_PREFIX_PATH=/opt/ros/humble /usr/bin/cmake --build /home/cadete/amr_world/ws/build/gazebo_traffic_light -- -j20 -l20
[1.047s] DEBUG:colcon.colcon_core.event_handler.log_command:Invoking command in '/home/cadete/amr_world/ws/build/gazebo_traffic_light': CMAKE_PREFIX_PATH=/opt/ros/humble /usr/bin/cmake --install /home/cadete/amr_world/ws/build/gazebo_traffic_light
[1.053s] Level 1:colcon.colcon_core.environment:create_environment_scripts_only(gazebo_traffic_light)
[1.053s] DEBUG:colcon.colcon_core.event_handler.log_command:Invoked command in '/home/cadete/amr_world/ws/build/gazebo_traffic_light' returned '0': CMAKE_PREFIX_PATH=/opt/ros/humble /usr/bin/cmake --install /home/cadete/amr_world/ws/build/gazebo_traffic_light
[1.054s] Level 1:colcon.colcon_core.environment:checking '/home/cadete/amr_world/ws/install/gazebo_traffic_light' for CMake module files
[1.055s] Level 1:colcon.colcon_core.environment:checking '/home/cadete/amr_world/ws/install/gazebo_traffic_light' for CMake config files
[1.055s] Level 1:colcon.colcon_core.shell:create_environment_hook('gazebo_traffic_light', 'cmake_prefix_path')
[1.055s] INFO:colcon.colcon_core.shell:Creating environment hook '/home/cadete/amr_world/ws/install/gazebo_traffic_light/share/gazebo_traffic_light/hook/cmake_prefix_path.ps1'
[1.055s] INFO:colcon.colcon_core.shell:Creating environment descriptor '/home/cadete/amr_world/ws/install/gazebo_traffic_light/share/gazebo_traffic_light/hook/cmake_prefix_path.dsv'
[1.055s] INFO:colcon.colcon_core.shell:Creating environment hook '/home/cadete/amr_world/ws/install/gazebo_traffic_light/share/gazebo_traffic_light/hook/cmake_prefix_path.sh'
[1.056s] Level 1:colcon.colcon_core.environment:checking '/home/cadete/amr_world/ws/install/gazebo_traffic_light/lib'
[1.056s] Level 1:colcon.colcon_core.environment:checking '/home/cadete/amr_world/ws/install/gazebo_traffic_light/bin'
[1.056s] Level 1:colcon.colcon_core.environment:checking '/home/cadete/amr_world/ws/install/gazebo_traffic_light/lib/pkgconfig/gazebo_traffic_light.pc'
[1.056s] Level 1:colcon.colcon_core.environment:checking '/home/cadete/amr_world/ws/install/gazebo_traffic_light/lib/python3.10/site-packages'
[1.056s] Level 1:colcon.colcon_core.environment:checking '/home/cadete/amr_world/ws/install/gazebo_traffic_light/bin'
[1.056s] INFO:colcon.colcon_core.shell:Creating package script '/home/cadete/amr_world/ws/install/gazebo_traffic_light/share/gazebo_traffic_light/package.ps1'
[1.057s] INFO:colcon.colcon_core.shell:Creating package descriptor '/home/cadete/amr_world/ws/install/gazebo_traffic_light/share/gazebo_traffic_light/package.dsv'
[1.057s] INFO:colcon.colcon_core.shell:Creating package script '/home/cadete/amr_world/ws/install/gazebo_traffic_light/share/gazebo_traffic_light/package.sh'
[1.057s] INFO:colcon.colcon_core.shell:Creating package script '/home/cadete/amr_world/ws/install/gazebo_traffic_light/share/gazebo_traffic_light/package.bash'
[1.058s] INFO:colcon.colcon_core.shell:Creating package script '/home/cadete/amr_world/ws/install/gazebo_traffic_light/share/gazebo_traffic_light/package.zsh'
[1.058s] Level 1:colcon.colcon_core.environment:create_file_with_runtime_dependencies(/home/cadete/amr_world/ws/install/gazebo_traffic_light/share/colcon-core/packages/gazebo_traffic_light)
[1.072s] Level 1:colcon.colcon_core.environment:create_environment_scripts_only(gazebo_traffic_light)
[1.073s] Level 1:colcon.colcon_core.environment:checking '/home/cadete/amr_world/ws/install/gazebo_traffic_light' for CMake module files
[1.073s] Level 1:colcon.colcon_core.environment:checking '/home/cadete/amr_world/ws/install/gazebo_traffic_light' for CMake config files
[1.073s] Level 1:colcon.colcon_core.shell:create_environment_hook('gazebo_traffic_light', 'cmake_prefix_path')
[1.074s] INFO:colcon.colcon_core.shell:Creating environment hook '/home/cadete/amr_world/ws/install/gazebo_traffic_light/share/gazebo_traffic_light/hook/cmake_prefix_path.ps1'
[1.074s] INFO:colcon.colcon_core.shell:Creating environment descriptor '/home/cadete/amr_world/ws/install/gazebo_traffic_light/share/gazebo_traffic_light/hook/cmake_prefix_path.dsv'
[1.074s] INFO:colcon.colcon_core.shell:Creating environment hook '/home/cadete/amr_world/ws/install/gazebo_traffic_light/share/gazebo_traffic_light/hook/cmake_prefix_path.sh'
[1.075s] Level 1:colcon.colcon_core.environment:checking '/home/cadete/amr_world/ws/install/gazebo_traffic_light/lib'
[1.075s] Level 1:colcon.colcon_core.environment:checking '/home/cadete/amr_world/ws/install/gazebo_traffic_light/bin'
[1.075s] Level 1:colcon.colcon_core.environment:checking '/home/cadete/amr_world/ws/install/gazebo_traffic_light/lib/pkgconfig/gazebo_traffic_light.pc'
[1.075s] Level 1:colcon.colcon_core.environment:checking '/home/cadete/amr_world/ws/install/gazebo_traffic_light/lib/python3.10/site-packages'
[1.075s] Level 1:colcon.colcon_core.environment:checking '/home/cadete/amr_world/ws/install/gazebo_traffic_light/bin'
[1.075s] INFO:colcon.colcon_core.shell:Creating package script '/home/cadete/amr_world/ws/install/gazebo_traffic_light/share/gazebo_traffic_light/package.ps1'
[1.076s] INFO:colcon.colcon_core.shell:Creating package descriptor '/home/cadete/amr_world/ws/install/gazebo_traffic_light/share/gazebo_traffic_light/package.dsv'
[1.076s] INFO:colcon.colcon_core.shell:Creating package script '/home/cadete/amr_world/ws/install/gazebo_traffic_light/share/gazebo_traffic_light/package.sh'
[1.076s] INFO:colcon.colcon_core.shell:Creating package script '/home/cadete/amr_world/ws/install/gazebo_traffic_light/share/gazebo_traffic_light/package.bash'
[1.076s] INFO:colcon.colcon_core.shell:Creating package script '/home/cadete/amr_world/ws/install/gazebo_traffic_light/share/gazebo_traffic_light/package.zsh'
[1.077s] Level 1:colcon.colcon_core.environment:create_file_with_runtime_dependencies(/home/cadete/amr_world/ws/install/gazebo_traffic_light/share/colcon-core/packages/gazebo_traffic_light)
[1.077s] DEBUG:colcon.colcon_parallel_executor.executor.parallel:closing loop
[1.077s] DEBUG:colcon.colcon_parallel_executor.executor.parallel:loop closed
[1.077s] DEBUG:colcon.colcon_parallel_executor.executor.parallel:run_until_complete finished with '0'
[1.077s] DEBUG:colcon.colcon_core.event_reactor:joining thread
[1.080s] INFO:colcon.colcon_core.plugin_system:Skipping extension 'colcon_notification.desktop_notification.terminal_notifier': Not used on non-Darwin systems
[1.080s] INFO:colcon.colcon_core.plugin_system:Skipping extension 'colcon_notification.desktop_notification.win32': Not used on non-Windows systems
[1.080s] INFO:colcon.colcon_notification.desktop_notification:Sending desktop notification using 'notify2'
[1.087s] DEBUG:colcon.colcon_core.event_reactor:joined thread
[1.088s] INFO:colcon.colcon_core.shell:Creating prefix script '/home/cadete/amr_world/ws/install/local_setup.ps1'
[1.088s] INFO:colcon.colcon_core.shell:Creating prefix util module '/home/cadete/amr_world/ws/install/_local_setup_util_ps1.py'
[1.089s] INFO:colcon.colcon_core.shell:Creating prefix chain script '/home/cadete/amr_world/ws/install/setup.ps1'
[1.090s] INFO:colcon.colcon_core.shell:Creating prefix script '/home/cadete/amr_world/ws/install/local_setup.sh'
[1.090s] INFO:colcon.colcon_core.shell:Creating prefix util module '/home/cadete/amr_world/ws/install/_local_setup_util_sh.py'
[1.090s] INFO:colcon.colcon_core.shell:Creating prefix chain script '/home/cadete/amr_world/ws/install/setup.sh'
[1.091s] INFO:colcon.colcon_core.shell:Creating prefix script '/home/cadete/amr_world/ws/install/local_setup.bash'
[1.091s] INFO:colcon.colcon_core.shell:Creating prefix chain script '/home/cadete/amr_world/ws/install/setup.bash'
[1.092s] INFO:colcon.colcon_core.shell:Creating prefix script '/home/cadete/amr_world/ws/install/local_setup.zsh'
[1.092s] INFO:colcon.colcon_core.shell:Creating prefix chain script '/home/cadete/amr_world/ws/install/setup.zsh'
