[0.006s] Invoking command in '/home/cadete/amr_world/ws/build/gazebo_traffic_light': CMAKE_PREFIX_PATH=/opt/ros/humble /usr/bin/cmake --build /home/cadete/amr_world/ws/build/gazebo_traffic_light -- -j20 -l20
[0.048s] [ 50%] [32mBuilding CXX object CMakeFiles/gazebo_traffic_light.dir/src/GazeboTrafficLight.cpp.o[0m
[4.751s] [01m[K/home/cadete/amr_world/ws/src/gazebo_traffic_light/src/GazeboTrafficLight.cpp:[m[K In member function ‘[01m[Kvirtual void gazebo::GazeboTrafficLight::Load(gazebo::physics::ModelPtr, sdf::v9::ElementPtr)[m[K’:
[4.751s] [01m[K/home/cadete/amr_world/ws/src/gazebo_traffic_light/src/GazeboTrafficLight.cpp:8:43:[m[K [01;31m[Kerror: [m[Kunable to find numeric literal operator ‘[01m[Koperator""s[m[K’
[4.751s]     8 |     timer_ = ros_node_->create_wall_timer([01;31m[K1s[m[K, std::bind(&GazeboTrafficLight::changeLights, this));
[4.752s]       |                                           [01;31m[K^~[m[K
[4.758s] [01m[K/home/cadete/amr_world/ws/src/gazebo_traffic_light/src/GazeboTrafficLight.cpp:[m[K In member function ‘[01m[Kvoid gazebo::GazeboTrafficLight::updateLightVisuals()[m[K’:
[4.758s] [01m[K/home/cadete/amr_world/ws/src/gazebo_traffic_light/src/GazeboTrafficLight.cpp:17:33:[m[K [01;31m[Kerror: [m[K‘[01m[Kclass gazebo::physics::Link[m[K’ has no member named ‘[01m[KSetVisibility[m[K’
[4.758s]    17 |     model->GetLink("green_on")->[01;31m[KSetVisibility[m[K(current_color_ == GREEN);
[4.758s]       |                                 [01;31m[K^~~~~~~~~~~~~[m[K
[4.758s] [01m[K/home/cadete/amr_world/ws/src/gazebo_traffic_light/src/GazeboTrafficLight.cpp:18:34:[m[K [01;31m[Kerror: [m[K‘[01m[Kclass gazebo::physics::Link[m[K’ has no member named ‘[01m[KSetVisibility[m[K’
[4.758s]    18 |     model->GetLink("yellow_on")->[01;31m[KSetVisibility[m[K(current_color_ == YELLOW);
[4.758s]       |                                  [01;31m[K^~~~~~~~~~~~~[m[K
[4.758s] [01m[K/home/cadete/amr_world/ws/src/gazebo_traffic_light/src/GazeboTrafficLight.cpp:19:31:[m[K [01;31m[Kerror: [m[K‘[01m[Kclass gazebo::physics::Link[m[K’ has no member named ‘[01m[KSetVisibility[m[K’
[4.758s]    19 |     model->GetLink("red_on")->[01;31m[KSetVisibility[m[K(current_color_ == RED);
[4.758s]       |                               [01;31m[K^~~~~~~~~~~~~[m[K
[5.621s] gmake[2]: *** [CMakeFiles/gazebo_traffic_light.dir/build.make:76: CMakeFiles/gazebo_traffic_light.dir/src/GazeboTrafficLight.cpp.o] Error 1
[5.621s] gmake[1]: *** [CMakeFiles/Makefile2:137: CMakeFiles/gazebo_traffic_light.dir/all] Error 2
[5.621s] gmake: *** [Makefile:146: all] Error 2
[5.622s] Invoked command in '/home/cadete/amr_world/ws/build/gazebo_traffic_light' returned '2': CMAKE_PREFIX_PATH=/opt/ros/humble /usr/bin/cmake --build /home/cadete/amr_world/ws/build/gazebo_traffic_light -- -j20 -l20
